<?xml version="1.0" encoding="UTF-8"?>
<testng-results ignored="0" total="3" passed="2" failed="1" skipped="0">
  <reporter-output>
    <line>
      <![CDATA[hi]]>
    </line>
    <line>
      <![CDATA[Actual Button Name : NMMS (2022-23)]]>
    </line>
    <line>
      <![CDATA[Expected Button Name : NMMS (2022-23)]]>
    </line>
    <line>
      <![CDATA[hi]]>
    </line>
    <line>
      <![CDATA[hi]]>
    </line>
    <line>
      <![CDATA[Done]]>
    </line>
  </reporter-output>
  <suite started-at="2022-12-01T10:37:06 IST" name="Default suite" finished-at="2022-12-01T10:37:34 IST" duration-ms="28650">
    <groups>
    </groups>
    <test started-at="2022-12-01T10:37:06 IST" name="Default test" finished-at="2022-12-01T10:37:34 IST" duration-ms="28650">
      <class name="NMMSTEST.NMMS_2023_Test">
        <test-method is-config="true" signature="nmmsopenbrowser()[pri:0, instance:NMMSTEST.NMMS_2023_Test@45099dd3]" started-at="2022-12-01T10:37:06 IST" name="nmmsopenbrowser" finished-at="2022-12-01T10:37:11 IST" duration-ms="5434" status="PASS">
          <reporter-output>
          </reporter-output>
        </test-method> <!-- nmmsopenbrowser -->
        <test-method is-config="true" signature="nmmsopensite()[pri:0, instance:NMMSTEST.NMMS_2023_Test@45099dd3]" started-at="2022-12-01T10:37:11 IST" name="nmmsopensite" finished-at="2022-12-01T10:37:11 IST" duration-ms="1" status="PASS">
          <reporter-output>
            <line>
              <![CDATA[hi]]>
            </line>
          </reporter-output>
        </test-method> <!-- nmmsopensite -->
        <test-method signature="verifybuttontext2()[pri:0, instance:NMMSTEST.NMMS_2023_Test@45099dd3]" started-at="2022-12-01T10:37:11 IST" name="verifybuttontext2" finished-at="2022-12-01T10:37:13 IST" duration-ms="2219" status="PASS">
          <reporter-output>
            <line>
              <![CDATA[Actual Button Name : NMMS (2022-23)]]>
            </line>
            <line>
              <![CDATA[Expected Button Name : NMMS (2022-23)]]>
            </line>
          </reporter-output>
        </test-method> <!-- verifybuttontext2 -->
        <test-method is-config="true" signature="logoutfromsite()[pri:0, instance:NMMSTEST.NMMS_2023_Test@45099dd3]" started-at="2022-12-01T10:37:13 IST" name="logoutfromsite" finished-at="2022-12-01T10:37:13 IST" duration-ms="1" status="PASS">
          <reporter-output>
          </reporter-output>
        </test-method> <!-- logoutfromsite -->
        <test-method is-config="true" signature="nmmsopensite()[pri:0, instance:NMMSTEST.NMMS_2023_Test@45099dd3]" started-at="2022-12-01T10:37:13 IST" name="nmmsopensite" finished-at="2022-12-01T10:37:13 IST" duration-ms="1" status="PASS">
          <reporter-output>
            <line>
              <![CDATA[hi]]>
            </line>
          </reporter-output>
        </test-method> <!-- nmmsopensite -->
        <test-method signature="verifybuttontext1()[pri:0, instance:NMMSTEST.NMMS_2023_Test@45099dd3]" started-at="2022-12-01T10:37:13 IST" name="verifybuttontext1" finished-at="2022-12-01T10:37:34 IST" duration-ms="20086" status="FAIL">
          <exception class="org.openqa.selenium.NoSuchElementException">
            <message>
              <![CDATA[no such element: Unable to locate element: {"method":"xpath","selector":"//a[text()='NMMS (2021-22)  ']"}
  (Session info: chrome=108.0.5359.71)
For documentation on this error, please visit: https://selenium.dev/exceptions/#no_such_element
Build info: version: '4.6.0', revision: '79f1c02ae20'
System info: os.name: 'Windows 10', os.arch: 'amd64', os.version: '10.0', java.version: '17.0.5'
Driver info: org.openqa.selenium.chrome.ChromeDriver
Command: [a596dca5856e46945ce9ac8c7e2ef7a6, findElement {using=xpath, value=//a[text()='NMMS (2021-22)  ']}]
Capabilities {acceptInsecureCerts: false, browserName: chrome, browserVersion: 108.0.5359.71, chrome: {chromedriverVersion: 107.0.5304.62 (1eec40d3a576..., userDataDir: C:\Users\HP\AppData\Local\T...}, goog:chromeOptions: {debuggerAddress: localhost:64346}, networkConnectionEnabled: false, pageLoadStrategy: normal, platformName: WINDOWS, proxy: Proxy(), se:cdp: ws://localhost:64346/devtoo..., se:cdpVersion: 108.0.5359.71, setWindowRect: true, strictFileInteractability: false, timeouts: {implicit: 0, pageLoad: 300000, script: 30000}, unhandledPromptBehavior: dismiss and notify, webauthn:extension:credBlob: true, webauthn:extension:largeBlob: true, webauthn:virtualAuthenticators: true}
Session ID: a596dca5856e46945ce9ac8c7e2ef7a6]]>
            </message>
            <full-stacktrace>
              <![CDATA[org.openqa.selenium.NoSuchElementException: no such element: Unable to locate element: {"method":"xpath","selector":"//a[text()='NMMS (2021-22)  ']"}
  (Session info: chrome=108.0.5359.71)
For documentation on this error, please visit: https://selenium.dev/exceptions/#no_such_element
Build info: version: '4.6.0', revision: '79f1c02ae20'
System info: os.name: 'Windows 10', os.arch: 'amd64', os.version: '10.0', java.version: '17.0.5'
Driver info: org.openqa.selenium.chrome.ChromeDriver
Command: [a596dca5856e46945ce9ac8c7e2ef7a6, findElement {using=xpath, value=//a[text()='NMMS (2021-22)  ']}]
Capabilities {acceptInsecureCerts: false, browserName: chrome, browserVersion: 108.0.5359.71, chrome: {chromedriverVersion: 107.0.5304.62 (1eec40d3a576..., userDataDir: C:\Users\HP\AppData\Local\T...}, goog:chromeOptions: {debuggerAddress: localhost:64346}, networkConnectionEnabled: false, pageLoadStrategy: normal, platformName: WINDOWS, proxy: Proxy(), se:cdp: ws://localhost:64346/devtoo..., se:cdpVersion: 108.0.5359.71, setWindowRect: true, strictFileInteractability: false, timeouts: {implicit: 0, pageLoad: 300000, script: 30000}, unhandledPromptBehavior: dismiss and notify, webauthn:extension:credBlob: true, webauthn:extension:largeBlob: true, webauthn:virtualAuthenticators: true}
Session ID: a596dca5856e46945ce9ac8c7e2ef7a6
at java.base/jdk.internal.reflect.NativeConstructorAccessorImpl.newInstance0(Native Method)
at java.base/jdk.internal.reflect.NativeConstructorAccessorImpl.newInstance(NativeConstructorAccessorImpl.java:77)
at java.base/jdk.internal.reflect.DelegatingConstructorAccessorImpl.newInstance(DelegatingConstructorAccessorImpl.java:45)
at java.base/java.lang.reflect.Constructor.newInstanceWithCaller(Constructor.java:499)
at java.base/java.lang.reflect.Constructor.newInstance(Constructor.java:480)
at org.openqa.selenium.remote.codec.w3c.W3CHttpResponseCodec.createException(W3CHttpResponseCodec.java:200)
at org.openqa.selenium.remote.codec.w3c.W3CHttpResponseCodec.decode(W3CHttpResponseCodec.java:133)
at org.openqa.selenium.remote.codec.w3c.W3CHttpResponseCodec.decode(W3CHttpResponseCodec.java:53)
at org.openqa.selenium.remote.HttpCommandExecutor.execute(HttpCommandExecutor.java:184)
at org.openqa.selenium.remote.service.DriverCommandExecutor.invokeExecute(DriverCommandExecutor.java:167)
at org.openqa.selenium.remote.service.DriverCommandExecutor.execute(DriverCommandExecutor.java:142)
at org.openqa.selenium.remote.RemoteWebDriver.execute(RemoteWebDriver.java:541)
at org.openqa.selenium.remote.ElementLocation$ElementFinder$2.findElement(ElementLocation.java:162)
at org.openqa.selenium.remote.ElementLocation.findElement(ElementLocation.java:60)
at org.openqa.selenium.remote.RemoteWebDriver.findElement(RemoteWebDriver.java:365)
at org.openqa.selenium.remote.RemoteWebDriver.findElement(RemoteWebDriver.java:357)
at org.openqa.selenium.support.pagefactory.DefaultElementLocator.findElement(DefaultElementLocator.java:70)
at org.openqa.selenium.support.pagefactory.internal.LocatingElementHandler.invoke(LocatingElementHandler.java:39)
at jdk.proxy2/jdk.proxy2.$Proxy18.getText(Unknown Source)
at NMMS_2022_SchoolLogin.NMMS_HomePage.getbtntext1(NMMS_HomePage.java:22)
at NMMSTEST.NMMS_2023_Test.verifybuttontext1(NMMS_2023_Test.java:41)
at java.base/jdk.internal.reflect.NativeMethodAccessorImpl.invoke0(Native Method)
at java.base/jdk.internal.reflect.NativeMethodAccessorImpl.invoke(NativeMethodAccessorImpl.java:77)
at java.base/jdk.internal.reflect.DelegatingMethodAccessorImpl.invoke(DelegatingMethodAccessorImpl.java:43)
at java.base/java.lang.reflect.Method.invoke(Method.java:568)
at org.testng.internal.invokers.MethodInvocationHelper.invokeMethod(MethodInvocationHelper.java:139)
at org.testng.internal.invokers.TestInvoker.invokeMethod(TestInvoker.java:677)
at org.testng.internal.invokers.TestInvoker.invokeTestMethod(TestInvoker.java:221)
at org.testng.internal.invokers.MethodRunner.runInSequence(MethodRunner.java:50)
at org.testng.internal.invokers.TestInvoker$MethodInvocationAgent.invoke(TestInvoker.java:962)
at org.testng.internal.invokers.TestInvoker.invokeTestMethods(TestInvoker.java:194)
at org.testng.internal.invokers.TestMethodWorker.invokeTestMethods(TestMethodWorker.java:148)
at org.testng.internal.invokers.TestMethodWorker.run(TestMethodWorker.java:128)
at java.base/java.util.ArrayList.forEach(ArrayList.java:1511)
at org.testng.TestRunner.privateRun(TestRunner.java:806)
at org.testng.TestRunner.run(TestRunner.java:601)
at org.testng.SuiteRunner.runTest(SuiteRunner.java:433)
at org.testng.SuiteRunner.runSequentially(SuiteRunner.java:427)
at org.testng.SuiteRunner.privateRun(SuiteRunner.java:387)
at org.testng.SuiteRunner.run(SuiteRunner.java:330)
at org.testng.SuiteRunnerWorker.runSuite(SuiteRunnerWorker.java:52)
at org.testng.SuiteRunnerWorker.run(SuiteRunnerWorker.java:95)
at org.testng.TestNG.runSuitesSequentially(TestNG.java:1256)
at org.testng.TestNG.runSuitesLocally(TestNG.java:1176)
at org.testng.TestNG.runSuites(TestNG.java:1099)
at org.testng.TestNG.run(TestNG.java:1067)
at org.testng.remote.AbstractRemoteTestNG.run(AbstractRemoteTestNG.java:115)
at org.testng.remote.RemoteTestNG.initAndRun(RemoteTestNG.java:251)
at org.testng.remote.RemoteTestNG.main(RemoteTestNG.java:77)
]]>
            </full-stacktrace>
          </exception> <!-- org.openqa.selenium.NoSuchElementException -->
          <reporter-output>
          </reporter-output>
        </test-method> <!-- verifybuttontext1 -->
        <test-method is-config="true" signature="logoutfromsite()[pri:0, instance:NMMSTEST.NMMS_2023_Test@45099dd3]" started-at="2022-12-01T10:37:34 IST" name="logoutfromsite" finished-at="2022-12-01T10:37:34 IST" duration-ms="0" status="PASS">
          <reporter-output>
          </reporter-output>
        </test-method> <!-- logoutfromsite -->
        <test-method is-config="true" signature="nmmsopensite()[pri:0, instance:NMMSTEST.NMMS_2023_Test@45099dd3]" started-at="2022-12-01T10:37:34 IST" name="nmmsopensite" finished-at="2022-12-01T10:37:34 IST" duration-ms="0" status="PASS">
          <reporter-output>
            <line>
              <![CDATA[hi]]>
            </line>
          </reporter-output>
        </test-method> <!-- nmmsopensite -->
        <test-method signature="switchtosclogin()[pri:0, instance:NMMSTEST.NMMS_2023_Test@45099dd3]" started-at="2022-12-01T10:37:34 IST" name="switchtosclogin" finished-at="2022-12-01T10:37:34 IST" depends-on-methods="NMMSTEST.NMMS_2023_Test.verifybuttontext2" duration-ms="794" status="PASS">
          <reporter-output>
            <line>
              <![CDATA[Done]]>
            </line>
          </reporter-output>
        </test-method> <!-- switchtosclogin -->
        <test-method is-config="true" signature="logoutfromsite()[pri:0, instance:NMMSTEST.NMMS_2023_Test@45099dd3]" started-at="2022-12-01T10:37:34 IST" name="logoutfromsite" finished-at="2022-12-01T10:37:34 IST" duration-ms="0" status="PASS">
          <reporter-output>
          </reporter-output>
        </test-method> <!-- logoutfromsite -->
        <test-method is-config="true" signature="closebrowser()[pri:0, instance:NMMSTEST.NMMS_2023_Test@45099dd3]" started-at="2022-12-01T10:37:34 IST" name="closebrowser" finished-at="2022-12-01T10:37:34 IST" duration-ms="1" status="PASS">
          <reporter-output>
          </reporter-output>
        </test-method> <!-- closebrowser -->
      </class> <!-- NMMSTEST.NMMS_2023_Test -->
    </test> <!-- Default test -->
  </suite> <!-- Default suite -->
</testng-results>
